2024-12-27 16:37:03,969 - INFO - Using device: cuda
2024-12-27 16:37:04,565 - INFO - Starting training for 24 epochs from scratch
2024-12-27 16:39:22,602 - INFO - Using device: cuda
2024-12-27 16:39:23,077 - INFO - Starting training for 24 epochs from scratch
2024-12-27 16:43:01,255 - INFO - Training loss for epoch 1: 0.6796215359397508
2024-12-27 16:43:01,255 - INFO - Training accuracy for epoch 1: 57.5462962962963
2024-12-27 16:44:07,781 - INFO - Best model saved to E:/Amrita/Subjects/Sem 5/BMSP paper work/Train data/Checkpoints/coattention reconstructed stft wave2vec\best_model.pth
2024-12-27 16:44:07,781 - INFO - Testing loss for epoch 1: 0.6578659180107467
2024-12-27 16:44:07,782 - INFO - Testing accuracy for epoch 1: 59.26605504587156

2024-12-27 16:44:07,782 - INFO - Current Learning rate: [1e-05]
2024-12-27 16:44:09,122 - INFO - Checkpoint saved to E:/Amrita/Subjects/Sem 5/BMSP paper work/Train data/Checkpoints/coattention reconstructed stft wave2vec\model_epoch_1.pth
2024-12-27 16:46:56,895 - INFO - Training loss for epoch 2: 0.6602512355203982
2024-12-27 16:46:56,895 - INFO - Training accuracy for epoch 2: 60.138888888888886
2024-12-27 16:47:10,906 - INFO - Best model saved to E:/Amrita/Subjects/Sem 5/BMSP paper work/Train data/Checkpoints/coattention reconstructed stft wave2vec\best_model.pth
2024-12-27 16:47:10,907 - INFO - Testing loss for epoch 2: 0.6550688150279019
2024-12-27 16:47:10,907 - INFO - Testing accuracy for epoch 2: 61.10091743119266

2024-12-27 16:47:10,907 - INFO - Current Learning rate: [1e-05]
2024-12-27 16:47:12,394 - INFO - Checkpoint saved to E:/Amrita/Subjects/Sem 5/BMSP paper work/Train data/Checkpoints/coattention reconstructed stft wave2vec\model_epoch_2.pth
2024-12-27 16:50:03,643 - INFO - Training loss for epoch 3: 0.6334964701284965
2024-12-27 16:50:03,643 - INFO - Training accuracy for epoch 3: 63.93518518518518
2024-12-27 16:50:16,301 - INFO - Testing loss for epoch 3: 0.6609611505762153
2024-12-27 16:50:16,301 - INFO - Testing accuracy for epoch 3: 59.44954128440367

2024-12-27 16:50:16,302 - INFO - Current Learning rate: [1e-05]
2024-12-27 16:50:17,611 - INFO - Checkpoint saved to E:/Amrita/Subjects/Sem 5/BMSP paper work/Train data/Checkpoints/coattention reconstructed stft wave2vec\model_epoch_3.pth
2024-12-27 16:53:12,234 - INFO - Training loss for epoch 4: 0.6069566962757597
2024-12-27 16:53:12,234 - INFO - Training accuracy for epoch 4: 66.94444444444444
2024-12-27 16:53:25,683 - INFO - Testing loss for epoch 4: 0.6586603946095213
2024-12-27 16:53:25,683 - INFO - Testing accuracy for epoch 4: 60.55045871559633

2024-12-27 16:53:25,683 - INFO - Current Learning rate: [1e-05]
2024-12-27 16:53:26,932 - INFO - Checkpoint saved to E:/Amrita/Subjects/Sem 5/BMSP paper work/Train data/Checkpoints/coattention reconstructed stft wave2vec\model_epoch_4.pth
2024-12-27 16:56:18,099 - INFO - Training loss for epoch 5: 0.5796465953743016
2024-12-27 16:56:18,100 - INFO - Training accuracy for epoch 5: 70.23148148148148
2024-12-27 16:56:30,964 - INFO - Testing loss for epoch 5: 0.6851816043394421
2024-12-27 16:56:30,964 - INFO - Testing accuracy for epoch 5: 60.36697247706422

2024-12-27 16:56:30,964 - INFO - Current Learning rate: [1e-05]
2024-12-27 16:56:32,262 - INFO - Checkpoint saved to E:/Amrita/Subjects/Sem 5/BMSP paper work/Train data/Checkpoints/coattention reconstructed stft wave2vec\model_epoch_5.pth
2024-12-27 16:59:22,610 - INFO - Training loss for epoch 6: 0.5474450654798636
2024-12-27 16:59:22,611 - INFO - Training accuracy for epoch 6: 71.43518518518519
2024-12-27 16:59:35,285 - INFO - Testing loss for epoch 6: 0.6712492785049141
2024-12-27 16:59:35,285 - INFO - Testing accuracy for epoch 6: 61.10091743119266

2024-12-27 16:59:35,285 - INFO - Current Learning rate: [1e-05]
2024-12-27 16:59:36,625 - INFO - Checkpoint saved to E:/Amrita/Subjects/Sem 5/BMSP paper work/Train data/Checkpoints/coattention reconstructed stft wave2vec\model_epoch_6.pth
2024-12-27 17:02:27,334 - INFO - Training loss for epoch 7: 0.5038828888770055
2024-12-27 17:02:27,335 - INFO - Training accuracy for epoch 7: 74.30555555555556
2024-12-27 17:02:39,888 - INFO - Testing loss for epoch 7: 0.737099358931594
2024-12-27 17:02:39,888 - INFO - Testing accuracy for epoch 7: 62.018348623853214

2024-12-27 17:02:39,888 - INFO - Current Learning rate: [1.0000000000000002e-06]
2024-12-27 17:02:41,144 - INFO - Checkpoint saved to E:/Amrita/Subjects/Sem 5/BMSP paper work/Train data/Checkpoints/coattention reconstructed stft wave2vec\model_epoch_7.pth
2024-12-27 17:05:32,968 - INFO - Training loss for epoch 8: 0.41218008786543375
2024-12-27 17:05:32,968 - INFO - Training accuracy for epoch 8: 81.38888888888889
2024-12-27 17:05:45,766 - INFO - Testing loss for epoch 8: 0.7594752520869631
2024-12-27 17:05:45,766 - INFO - Testing accuracy for epoch 8: 61.10091743119266

2024-12-27 17:05:45,766 - INFO - Current Learning rate: [1.0000000000000002e-06]
2024-12-27 17:05:47,108 - INFO - Checkpoint saved to E:/Amrita/Subjects/Sem 5/BMSP paper work/Train data/Checkpoints/coattention reconstructed stft wave2vec\model_epoch_8.pth
2024-12-27 17:08:38,402 - INFO - Training loss for epoch 9: 0.36042993675262014
2024-12-27 17:08:38,402 - INFO - Training accuracy for epoch 9: 83.79629629629629
2024-12-27 17:08:50,769 - INFO - Testing loss for epoch 9: 0.7647436931729317
2024-12-27 17:08:50,769 - INFO - Testing accuracy for epoch 9: 62.93577981651376

2024-12-27 17:08:50,770 - INFO - Current Learning rate: [1.0000000000000002e-06]
2024-12-27 17:08:52,104 - INFO - Checkpoint saved to E:/Amrita/Subjects/Sem 5/BMSP paper work/Train data/Checkpoints/coattention reconstructed stft wave2vec\model_epoch_9.pth
2024-12-27 17:11:42,812 - INFO - Training loss for epoch 10: 0.3444223688932619
2024-12-27 17:11:42,812 - INFO - Training accuracy for epoch 10: 84.39814814814815
2024-12-27 17:11:58,658 - INFO - Testing loss for epoch 10: 0.7609711575125335
2024-12-27 17:11:58,658 - INFO - Testing accuracy for epoch 10: 63.11926605504587

2024-12-27 17:11:58,658 - INFO - Current Learning rate: [1.0000000000000002e-06]
2024-12-27 17:12:00,411 - INFO - Checkpoint saved to E:/Amrita/Subjects/Sem 5/BMSP paper work/Train data/Checkpoints/coattention reconstructed stft wave2vec\model_epoch_10.pth
2024-12-27 17:14:56,156 - INFO - Training loss for epoch 11: 0.3105464340058259
2024-12-27 17:14:56,156 - INFO - Training accuracy for epoch 11: 86.3425925925926
2024-12-27 17:15:09,459 - INFO - Testing loss for epoch 11: 0.7827974470383531
2024-12-27 17:15:09,459 - INFO - Testing accuracy for epoch 11: 65.5045871559633

2024-12-27 17:15:09,459 - INFO - Current Learning rate: [1.0000000000000002e-06]
2024-12-27 17:15:10,815 - INFO - Checkpoint saved to E:/Amrita/Subjects/Sem 5/BMSP paper work/Train data/Checkpoints/coattention reconstructed stft wave2vec\model_epoch_11.pth
2024-12-27 17:18:05,999 - INFO - Training loss for epoch 12: 0.3062289743554882
2024-12-27 17:18:05,999 - INFO - Training accuracy for epoch 12: 86.01851851851852
2024-12-27 17:18:19,620 - INFO - Testing loss for epoch 12: 0.7862557127661661
2024-12-27 17:18:19,620 - INFO - Testing accuracy for epoch 12: 65.13761467889908

2024-12-27 17:18:19,620 - INFO - Current Learning rate: [1.0000000000000002e-07]
2024-12-27 17:18:21,186 - INFO - Checkpoint saved to E:/Amrita/Subjects/Sem 5/BMSP paper work/Train data/Checkpoints/coattention reconstructed stft wave2vec\model_epoch_12.pth
2024-12-27 17:21:15,830 - INFO - Training loss for epoch 13: 0.2803881603155147
2024-12-27 17:21:15,831 - INFO - Training accuracy for epoch 13: 88.00925925925925
2024-12-27 17:21:28,502 - INFO - Testing loss for epoch 13: 0.7955975419064181
2024-12-27 17:21:28,502 - INFO - Testing accuracy for epoch 13: 65.5045871559633

2024-12-27 17:21:28,502 - INFO - Current Learning rate: [1.0000000000000002e-07]
2024-12-27 17:21:29,852 - INFO - Checkpoint saved to E:/Amrita/Subjects/Sem 5/BMSP paper work/Train data/Checkpoints/coattention reconstructed stft wave2vec\model_epoch_13.pth
2024-12-27 17:24:22,168 - INFO - Training loss for epoch 14: 0.28101904325928817
2024-12-27 17:24:22,169 - INFO - Training accuracy for epoch 14: 87.77777777777777
2024-12-27 17:24:35,388 - INFO - Testing loss for epoch 14: 0.7927566870636896
2024-12-27 17:24:35,388 - INFO - Testing accuracy for epoch 14: 65.13761467889908

2024-12-27 17:24:35,388 - INFO - Current Learning rate: [1.0000000000000002e-07]
2024-12-27 17:24:36,654 - INFO - Checkpoint saved to E:/Amrita/Subjects/Sem 5/BMSP paper work/Train data/Checkpoints/coattention reconstructed stft wave2vec\model_epoch_14.pth
2024-12-27 17:27:28,272 - INFO - Training loss for epoch 15: 0.2744652858279921
2024-12-27 17:27:28,272 - INFO - Training accuracy for epoch 15: 88.00925925925925
2024-12-27 17:27:41,272 - INFO - Testing loss for epoch 15: 0.7864278429828653
2024-12-27 17:27:41,272 - INFO - Testing accuracy for epoch 15: 66.42201834862385

2024-12-27 17:27:41,272 - INFO - Current Learning rate: [1.0000000000000002e-07]
2024-12-27 17:27:42,679 - INFO - Checkpoint saved to E:/Amrita/Subjects/Sem 5/BMSP paper work/Train data/Checkpoints/coattention reconstructed stft wave2vec\model_epoch_15.pth
2024-12-27 17:30:34,153 - INFO - Training loss for epoch 16: 0.2782887392203082
2024-12-27 17:30:34,153 - INFO - Training accuracy for epoch 16: 87.54629629629629
2024-12-27 17:30:47,001 - INFO - Testing loss for epoch 16: 0.7930537674473513
2024-12-27 17:30:47,001 - INFO - Testing accuracy for epoch 16: 66.42201834862385

2024-12-27 17:30:47,002 - INFO - Current Learning rate: [1.0000000000000002e-07]
2024-12-27 17:30:48,462 - INFO - Checkpoint saved to E:/Amrita/Subjects/Sem 5/BMSP paper work/Train data/Checkpoints/coattention reconstructed stft wave2vec\model_epoch_16.pth
2024-12-27 17:33:38,972 - INFO - Training loss for epoch 17: 0.2743328678921831
2024-12-27 17:33:38,972 - INFO - Training accuracy for epoch 17: 88.42592592592592
2024-12-27 17:33:51,441 - INFO - Testing loss for epoch 17: 0.7990160396476405
2024-12-27 17:33:51,441 - INFO - Testing accuracy for epoch 17: 66.97247706422019

2024-12-27 17:33:51,441 - INFO - Current Learning rate: [1.0000000000000004e-08]
2024-12-27 17:33:52,703 - INFO - Checkpoint saved to E:/Amrita/Subjects/Sem 5/BMSP paper work/Train data/Checkpoints/coattention reconstructed stft wave2vec\model_epoch_17.pth
2024-12-27 17:36:43,049 - INFO - Training loss for epoch 18: 0.275618187893458
2024-12-27 17:36:43,049 - INFO - Training accuracy for epoch 18: 88.10185185185185
2024-12-27 17:36:55,669 - INFO - Testing loss for epoch 18: 0.7998355432251177
2024-12-27 17:36:55,669 - INFO - Testing accuracy for epoch 18: 65.3211009174312

2024-12-27 17:36:55,669 - INFO - Current Learning rate: [1.0000000000000004e-08]
2024-12-27 17:36:57,109 - INFO - Checkpoint saved to E:/Amrita/Subjects/Sem 5/BMSP paper work/Train data/Checkpoints/coattention reconstructed stft wave2vec\model_epoch_18.pth
2024-12-27 17:39:51,178 - INFO - Training loss for epoch 19: 0.27046849985641463
2024-12-27 17:39:51,178 - INFO - Training accuracy for epoch 19: 88.56481481481481
2024-12-27 17:40:04,709 - INFO - Testing loss for epoch 19: 0.7987510686689013
2024-12-27 17:40:04,709 - INFO - Testing accuracy for epoch 19: 66.42201834862385

2024-12-27 17:40:04,710 - INFO - Current Learning rate: [1.0000000000000004e-08]
2024-12-27 17:40:06,062 - INFO - Checkpoint saved to E:/Amrita/Subjects/Sem 5/BMSP paper work/Train data/Checkpoints/coattention reconstructed stft wave2vec\model_epoch_19.pth
2024-12-27 17:42:57,641 - INFO - Training loss for epoch 20: 0.2716849882638565
2024-12-27 17:42:57,641 - INFO - Training accuracy for epoch 20: 88.28703703703704
2024-12-27 17:43:11,073 - INFO - Testing loss for epoch 20: 0.8015351293762343
2024-12-27 17:43:11,074 - INFO - Testing accuracy for epoch 20: 66.60550458715596

2024-12-27 17:43:11,074 - INFO - Current Learning rate: [1.0000000000000004e-08]
2024-12-27 17:43:12,417 - INFO - Checkpoint saved to E:/Amrita/Subjects/Sem 5/BMSP paper work/Train data/Checkpoints/coattention reconstructed stft wave2vec\model_epoch_20.pth
2024-12-27 17:46:04,637 - INFO - Training loss for epoch 21: 0.2717366828755648
2024-12-27 17:46:04,637 - INFO - Training accuracy for epoch 21: 88.37962962962963
2024-12-27 17:46:17,608 - INFO - Testing loss for epoch 21: 0.812707914227466
2024-12-27 17:46:17,609 - INFO - Testing accuracy for epoch 21: 65.3211009174312

2024-12-27 17:46:17,609 - INFO - Current Learning rate: [1.0000000000000004e-08]
2024-12-27 17:46:18,943 - INFO - Checkpoint saved to E:/Amrita/Subjects/Sem 5/BMSP paper work/Train data/Checkpoints/coattention reconstructed stft wave2vec\model_epoch_21.pth
2024-12-27 17:49:10,455 - INFO - Training loss for epoch 22: 0.2627952353882224
2024-12-27 17:49:10,455 - INFO - Training accuracy for epoch 22: 88.88888888888889
2024-12-27 17:49:23,034 - INFO - Testing loss for epoch 22: 0.7887506709869848
2024-12-27 17:49:23,035 - INFO - Testing accuracy for epoch 22: 66.78899082568807

2024-12-27 17:49:23,035 - INFO - Current Learning rate: [1.0000000000000004e-08]
2024-12-27 17:49:24,561 - INFO - Checkpoint saved to E:/Amrita/Subjects/Sem 5/BMSP paper work/Train data/Checkpoints/coattention reconstructed stft wave2vec\model_epoch_22.pth
2024-12-27 17:52:14,733 - INFO - Training loss for epoch 23: 0.2725651004196455
2024-12-27 17:52:14,733 - INFO - Training accuracy for epoch 23: 88.24074074074075
2024-12-27 17:52:27,271 - INFO - Testing loss for epoch 23: 0.8086487640959954
2024-12-27 17:52:27,271 - INFO - Testing accuracy for epoch 23: 65.87155963302752

2024-12-27 17:52:27,271 - INFO - Current Learning rate: [1.0000000000000004e-08]
2024-12-27 17:52:28,702 - INFO - Checkpoint saved to E:/Amrita/Subjects/Sem 5/BMSP paper work/Train data/Checkpoints/coattention reconstructed stft wave2vec\model_epoch_23.pth
2024-12-27 17:55:18,659 - INFO - Training loss for epoch 24: 0.27004312033575306
2024-12-27 17:55:18,659 - INFO - Training accuracy for epoch 24: 88.51851851851852
2024-12-27 17:55:31,246 - INFO - Testing loss for epoch 24: 0.7993766433055248
2024-12-27 17:55:31,246 - INFO - Testing accuracy for epoch 24: 66.60550458715596

2024-12-27 17:55:31,246 - INFO - Current Learning rate: [1.0000000000000004e-08]
2024-12-27 17:55:32,535 - INFO - Checkpoint saved to E:/Amrita/Subjects/Sem 5/BMSP paper work/Train data/Checkpoints/coattention reconstructed stft wave2vec\model_epoch_24.pth
