2024-12-26 23:56:59,058 - INFO - Using device: cuda
2024-12-26 23:56:59,060 - INFO - Starting training for 16 epochs from scratch
2024-12-26 23:58:08,543 - INFO - Training loss for epoch 1: 0.6446318868547678
2024-12-26 23:58:08,543 - INFO - Training accuracy for epoch 1: 62.407407407407405
2024-12-26 23:58:50,033 - INFO - Best model saved to E:/Amrita/Subjects/Sem 5/BMSP paper work/Train data/Checkpoints/Convxnet stft only\best_model.pth
2024-12-26 23:58:50,036 - INFO - Testing loss for epoch 1: 0.5827732818935989
2024-12-26 23:58:50,036 - INFO - Testing accuracy for epoch 1: 67.70642201834862

2024-12-26 23:58:50,036 - INFO - Current Learning rate: [1e-05]
2024-12-26 23:58:50,478 - INFO - Checkpoint saved to E:/Amrita/Subjects/Sem 5/BMSP paper work/Train data/Checkpoints/Convxnet stft only\model_epoch_1.pth
2024-12-26 23:59:21,376 - INFO - Training loss for epoch 2: 0.5402210702326287
2024-12-26 23:59:21,376 - INFO - Training accuracy for epoch 2: 71.38888888888889
2024-12-26 23:59:24,218 - INFO - Best model saved to E:/Amrita/Subjects/Sem 5/BMSP paper work/Train data/Checkpoints/Convxnet stft only\best_model.pth
2024-12-26 23:59:24,218 - INFO - Testing loss for epoch 2: 0.507951781016971
2024-12-26 23:59:24,219 - INFO - Testing accuracy for epoch 2: 75.22935779816514

2024-12-26 23:59:24,219 - INFO - Current Learning rate: [1e-05]
2024-12-26 23:59:24,682 - INFO - Checkpoint saved to E:/Amrita/Subjects/Sem 5/BMSP paper work/Train data/Checkpoints/Convxnet stft only\model_epoch_2.pth
2024-12-26 23:59:55,571 - INFO - Training loss for epoch 3: 0.45876161069436755
2024-12-26 23:59:55,571 - INFO - Training accuracy for epoch 3: 78.14814814814815
2024-12-26 23:59:58,506 - INFO - Best model saved to E:/Amrita/Subjects/Sem 5/BMSP paper work/Train data/Checkpoints/Convxnet stft only\best_model.pth
2024-12-26 23:59:58,506 - INFO - Testing loss for epoch 3: 0.4881911562806969
2024-12-26 23:59:58,506 - INFO - Testing accuracy for epoch 3: 77.43119266055047

2024-12-26 23:59:58,506 - INFO - Current Learning rate: [1e-05]
2024-12-26 23:59:58,991 - INFO - Checkpoint saved to E:/Amrita/Subjects/Sem 5/BMSP paper work/Train data/Checkpoints/Convxnet stft only\model_epoch_3.pth
2024-12-27 00:00:30,489 - INFO - Training loss for epoch 4: 0.39044118568266706
2024-12-27 00:00:30,490 - INFO - Training accuracy for epoch 4: 82.45370370370371
2024-12-27 00:00:32,853 - INFO - Testing loss for epoch 4: 0.48987066474051105
2024-12-27 00:00:32,853 - INFO - Testing accuracy for epoch 4: 77.06422018348624

2024-12-27 00:00:32,854 - INFO - Current Learning rate: [1e-05]
2024-12-27 00:00:33,340 - INFO - Checkpoint saved to E:/Amrita/Subjects/Sem 5/BMSP paper work/Train data/Checkpoints/Convxnet stft only\model_epoch_4.pth
2024-12-27 00:01:05,096 - INFO - Training loss for epoch 5: 0.3124019898543203
2024-12-27 00:01:05,096 - INFO - Training accuracy for epoch 5: 86.71296296296296
2024-12-27 00:01:07,982 - INFO - Best model saved to E:/Amrita/Subjects/Sem 5/BMSP paper work/Train data/Checkpoints/Convxnet stft only\best_model.pth
2024-12-27 00:01:07,983 - INFO - Testing loss for epoch 5: 0.4692912641741814
2024-12-27 00:01:07,983 - INFO - Testing accuracy for epoch 5: 79.63302752293578

2024-12-27 00:01:07,983 - INFO - Current Learning rate: [1e-05]
2024-12-27 00:01:08,479 - INFO - Checkpoint saved to E:/Amrita/Subjects/Sem 5/BMSP paper work/Train data/Checkpoints/Convxnet stft only\model_epoch_5.pth
2024-12-27 00:01:40,003 - INFO - Training loss for epoch 6: 0.24567157356607452
2024-12-27 00:01:40,003 - INFO - Training accuracy for epoch 6: 89.67592592592592
2024-12-27 00:01:42,670 - INFO - Testing loss for epoch 6: 0.631548713320234
2024-12-27 00:01:42,670 - INFO - Testing accuracy for epoch 6: 75.96330275229357

2024-12-27 00:01:42,671 - INFO - Current Learning rate: [1e-05]
2024-12-27 00:01:43,159 - INFO - Checkpoint saved to E:/Amrita/Subjects/Sem 5/BMSP paper work/Train data/Checkpoints/Convxnet stft only\model_epoch_6.pth
2024-12-27 00:02:14,794 - INFO - Training loss for epoch 7: 0.18129503526897342
2024-12-27 00:02:14,794 - INFO - Training accuracy for epoch 7: 92.22222222222223
2024-12-27 00:02:17,162 - INFO - Testing loss for epoch 7: 0.534613435987571
2024-12-27 00:02:17,162 - INFO - Testing accuracy for epoch 7: 79.08256880733946

2024-12-27 00:02:17,162 - INFO - Current Learning rate: [1e-05]
2024-12-27 00:02:17,649 - INFO - Checkpoint saved to E:/Amrita/Subjects/Sem 5/BMSP paper work/Train data/Checkpoints/Convxnet stft only\model_epoch_7.pth
2024-12-27 00:02:49,090 - INFO - Training loss for epoch 8: 0.1254403496094272
2024-12-27 00:02:49,090 - INFO - Training accuracy for epoch 8: 95.04629629629629
2024-12-27 00:02:51,567 - INFO - Testing loss for epoch 8: 0.6245173310002295
2024-12-27 00:02:51,567 - INFO - Testing accuracy for epoch 8: 80.36697247706422

2024-12-27 00:02:51,567 - INFO - Current Learning rate: [1e-05]
2024-12-27 00:02:52,054 - INFO - Checkpoint saved to E:/Amrita/Subjects/Sem 5/BMSP paper work/Train data/Checkpoints/Convxnet stft only\model_epoch_8.pth
2024-12-27 00:03:24,035 - INFO - Training loss for epoch 9: 0.10677530474559818
2024-12-27 00:03:24,035 - INFO - Training accuracy for epoch 9: 96.20370370370371
2024-12-27 00:03:26,487 - INFO - Testing loss for epoch 9: 0.5860141637871776
2024-12-27 00:03:26,487 - INFO - Testing accuracy for epoch 9: 79.63302752293578

2024-12-27 00:03:26,487 - INFO - Current Learning rate: [1e-05]
2024-12-27 00:03:26,943 - INFO - Checkpoint saved to E:/Amrita/Subjects/Sem 5/BMSP paper work/Train data/Checkpoints/Convxnet stft only\model_epoch_9.pth
2024-12-27 00:03:58,697 - INFO - Training loss for epoch 10: 0.08169370280423512
2024-12-27 00:03:58,697 - INFO - Training accuracy for epoch 10: 96.99074074074075
2024-12-27 00:04:01,263 - INFO - Testing loss for epoch 10: 0.6244108441927675
2024-12-27 00:04:01,263 - INFO - Testing accuracy for epoch 10: 82.38532110091744

2024-12-27 00:04:01,263 - INFO - Current Learning rate: [1.0000000000000002e-06]
2024-12-27 00:04:01,793 - INFO - Checkpoint saved to E:/Amrita/Subjects/Sem 5/BMSP paper work/Train data/Checkpoints/Convxnet stft only\model_epoch_10.pth
2024-12-27 00:04:33,835 - INFO - Training loss for epoch 11: 0.04294091566488431
2024-12-27 00:04:33,836 - INFO - Training accuracy for epoch 11: 98.8425925925926
2024-12-27 00:04:36,265 - INFO - Testing loss for epoch 11: 0.6099978336239866
2024-12-27 00:04:36,265 - INFO - Testing accuracy for epoch 11: 81.10091743119266

2024-12-27 00:04:36,265 - INFO - Current Learning rate: [1.0000000000000002e-06]
2024-12-27 00:04:36,844 - INFO - Checkpoint saved to E:/Amrita/Subjects/Sem 5/BMSP paper work/Train data/Checkpoints/Convxnet stft only\model_epoch_11.pth
2024-12-27 00:05:09,960 - INFO - Training loss for epoch 12: 0.033163314597644517
2024-12-27 00:05:09,960 - INFO - Training accuracy for epoch 12: 99.21296296296296
2024-12-27 00:05:12,419 - INFO - Testing loss for epoch 12: 0.6237701848464369
2024-12-27 00:05:12,419 - INFO - Testing accuracy for epoch 12: 81.46788990825688

2024-12-27 00:05:12,419 - INFO - Current Learning rate: [1.0000000000000002e-06]
2024-12-27 00:05:12,932 - INFO - Checkpoint saved to E:/Amrita/Subjects/Sem 5/BMSP paper work/Train data/Checkpoints/Convxnet stft only\model_epoch_12.pth
2024-12-27 00:05:44,807 - INFO - Training loss for epoch 13: 0.032298021454658335
2024-12-27 00:05:44,807 - INFO - Training accuracy for epoch 13: 99.16666666666667
2024-12-27 00:05:47,299 - INFO - Testing loss for epoch 13: 0.6271863537167686
2024-12-27 00:05:47,299 - INFO - Testing accuracy for epoch 13: 81.8348623853211

2024-12-27 00:05:47,299 - INFO - Current Learning rate: [1.0000000000000002e-06]
2024-12-27 00:05:47,792 - INFO - Checkpoint saved to E:/Amrita/Subjects/Sem 5/BMSP paper work/Train data/Checkpoints/Convxnet stft only\model_epoch_13.pth
2024-12-27 00:06:19,545 - INFO - Training loss for epoch 14: 0.029299752251298977
2024-12-27 00:06:19,545 - INFO - Training accuracy for epoch 14: 99.25925925925925
2024-12-27 00:06:22,105 - INFO - Testing loss for epoch 14: 0.6436961417579319
2024-12-27 00:06:22,105 - INFO - Testing accuracy for epoch 14: 81.8348623853211

2024-12-27 00:06:22,106 - INFO - Current Learning rate: [1.0000000000000002e-06]
2024-12-27 00:06:22,612 - INFO - Checkpoint saved to E:/Amrita/Subjects/Sem 5/BMSP paper work/Train data/Checkpoints/Convxnet stft only\model_epoch_14.pth
2024-12-27 00:06:54,264 - INFO - Training loss for epoch 15: 0.028691977088076075
2024-12-27 00:06:54,264 - INFO - Training accuracy for epoch 15: 99.44444444444444
2024-12-27 00:06:56,838 - INFO - Testing loss for epoch 15: 0.6557432597253681
2024-12-27 00:06:56,838 - INFO - Testing accuracy for epoch 15: 81.8348623853211

2024-12-27 00:06:56,839 - INFO - Current Learning rate: [1.0000000000000002e-07]
2024-12-27 00:06:57,344 - INFO - Checkpoint saved to E:/Amrita/Subjects/Sem 5/BMSP paper work/Train data/Checkpoints/Convxnet stft only\model_epoch_15.pth
2024-12-27 00:07:29,420 - INFO - Training loss for epoch 16: 0.026659915016757116
2024-12-27 00:07:29,421 - INFO - Training accuracy for epoch 16: 99.49074074074075
2024-12-27 00:07:31,962 - INFO - Testing loss for epoch 16: 0.6545558991420634
2024-12-27 00:07:31,962 - INFO - Testing accuracy for epoch 16: 82.38532110091744

2024-12-27 00:07:31,963 - INFO - Current Learning rate: [1.0000000000000002e-07]
2024-12-27 00:07:32,435 - INFO - Checkpoint saved to E:/Amrita/Subjects/Sem 5/BMSP paper work/Train data/Checkpoints/Convxnet stft only\model_epoch_16.pth
