2024-12-27 13:47:27,405 - INFO - Using device: cuda
2024-12-27 13:47:27,531 - INFO - Starting training for 24 epochs from scratch
2024-12-27 13:50:13,750 - INFO - Using device: cuda
2024-12-27 13:50:13,898 - INFO - Starting training for 24 epochs from scratch
2024-12-27 13:51:43,527 - INFO - Training loss for epoch 1: 0.7187025510464553
2024-12-27 13:51:43,528 - INFO - Training accuracy for epoch 1: 49.81481481481482
2024-12-27 13:52:45,788 - INFO - Best model saved to E:/Amrita/Subjects/Sem 5/BMSP paper work/Train data/Checkpoints/vit google mel stft no pretraining\best_model.pth
2024-12-27 13:52:45,788 - INFO - Testing loss for epoch 1: 0.6926205005120794
2024-12-27 13:52:45,788 - INFO - Testing accuracy for epoch 1: 49.357798165137616

2024-12-27 13:52:45,789 - INFO - Current Learning rate: [1e-05]
2024-12-27 13:52:46,597 - INFO - Checkpoint saved to E:/Amrita/Subjects/Sem 5/BMSP paper work/Train data/Checkpoints/vit google mel stft no pretraining\model_epoch_1.pth
2024-12-27 13:53:31,290 - INFO - Training loss for epoch 2: 0.7035028486754056
2024-12-27 13:53:31,290 - INFO - Training accuracy for epoch 2: 50.46296296296296
2024-12-27 13:53:35,622 - INFO - Best model saved to E:/Amrita/Subjects/Sem 5/BMSP paper work/Train data/Checkpoints/vit google mel stft no pretraining\best_model.pth
2024-12-27 13:53:35,623 - INFO - Testing loss for epoch 2: 0.6925192387825853
2024-12-27 13:53:35,623 - INFO - Testing accuracy for epoch 2: 51.559633027522935

2024-12-27 13:53:35,623 - INFO - Current Learning rate: [1e-05]
2024-12-27 13:53:36,483 - INFO - Checkpoint saved to E:/Amrita/Subjects/Sem 5/BMSP paper work/Train data/Checkpoints/vit google mel stft no pretraining\model_epoch_2.pth
2024-12-27 13:54:11,487 - INFO - Training loss for epoch 3: 0.7107604637190148
2024-12-27 13:54:11,487 - INFO - Training accuracy for epoch 3: 48.611111111111114
2024-12-27 13:54:15,043 - INFO - Testing loss for epoch 3: 0.6993529927839927
2024-12-27 13:54:15,043 - INFO - Testing accuracy for epoch 3: 51.559633027522935

2024-12-27 13:54:15,043 - INFO - Current Learning rate: [1e-05]
2024-12-27 13:54:17,398 - INFO - Checkpoint saved to E:/Amrita/Subjects/Sem 5/BMSP paper work/Train data/Checkpoints/vit google mel stft no pretraining\model_epoch_3.pth
2024-12-27 13:54:52,622 - INFO - Training loss for epoch 4: 0.6983935465277346
2024-12-27 13:54:52,622 - INFO - Training accuracy for epoch 4: 51.851851851851855
2024-12-27 13:54:57,079 - INFO - Best model saved to E:/Amrita/Subjects/Sem 5/BMSP paper work/Train data/Checkpoints/vit google mel stft no pretraining\best_model.pth
2024-12-27 13:54:57,080 - INFO - Testing loss for epoch 4: 0.6888775032594663
2024-12-27 13:54:57,080 - INFO - Testing accuracy for epoch 4: 51.559633027522935

2024-12-27 13:54:57,081 - INFO - Current Learning rate: [1e-05]
2024-12-27 13:54:57,977 - INFO - Checkpoint saved to E:/Amrita/Subjects/Sem 5/BMSP paper work/Train data/Checkpoints/vit google mel stft no pretraining\model_epoch_4.pth
2024-12-27 13:55:33,826 - INFO - Training loss for epoch 5: 0.6883879626100814
2024-12-27 13:55:33,827 - INFO - Training accuracy for epoch 5: 54.074074074074076
2024-12-27 13:55:38,436 - INFO - Best model saved to E:/Amrita/Subjects/Sem 5/BMSP paper work/Train data/Checkpoints/vit google mel stft no pretraining\best_model.pth
2024-12-27 13:55:38,437 - INFO - Testing loss for epoch 5: 0.6605593348861835
2024-12-27 13:55:38,437 - INFO - Testing accuracy for epoch 5: 61.65137614678899

2024-12-27 13:55:38,437 - INFO - Current Learning rate: [1e-05]
2024-12-27 13:55:39,347 - INFO - Checkpoint saved to E:/Amrita/Subjects/Sem 5/BMSP paper work/Train data/Checkpoints/vit google mel stft no pretraining\model_epoch_5.pth
2024-12-27 13:56:15,633 - INFO - Training loss for epoch 6: 0.6742473083237807
2024-12-27 13:56:15,633 - INFO - Training accuracy for epoch 6: 59.166666666666664
2024-12-27 13:56:19,373 - INFO - Testing loss for epoch 6: 0.6633134478822761
2024-12-27 13:56:19,373 - INFO - Testing accuracy for epoch 6: 58.89908256880734

2024-12-27 13:56:19,373 - INFO - Current Learning rate: [1e-05]
2024-12-27 13:56:20,291 - INFO - Checkpoint saved to E:/Amrita/Subjects/Sem 5/BMSP paper work/Train data/Checkpoints/vit google mel stft no pretraining\model_epoch_6.pth
2024-12-27 13:56:56,613 - INFO - Training loss for epoch 7: 0.6476976433423934
2024-12-27 13:56:56,614 - INFO - Training accuracy for epoch 7: 62.26851851851852
2024-12-27 13:57:06,629 - INFO - Best model saved to E:/Amrita/Subjects/Sem 5/BMSP paper work/Train data/Checkpoints/vit google mel stft no pretraining\best_model.pth
2024-12-27 13:57:06,630 - INFO - Testing loss for epoch 7: 0.6366280172396144
2024-12-27 13:57:06,630 - INFO - Testing accuracy for epoch 7: 63.30275229357798

2024-12-27 13:57:06,630 - INFO - Current Learning rate: [1e-05]
2024-12-27 13:57:16,625 - INFO - Checkpoint saved to E:/Amrita/Subjects/Sem 5/BMSP paper work/Train data/Checkpoints/vit google mel stft no pretraining\model_epoch_7.pth
2024-12-27 13:57:52,590 - INFO - Training loss for epoch 8: 0.620618139497108
2024-12-27 13:57:52,590 - INFO - Training accuracy for epoch 8: 64.49074074074075
2024-12-27 13:57:56,104 - INFO - Testing loss for epoch 8: 0.6653150918833707
2024-12-27 13:57:56,104 - INFO - Testing accuracy for epoch 8: 62.38532110091743

2024-12-27 13:57:56,104 - INFO - Current Learning rate: [1e-05]
2024-12-27 13:57:57,015 - INFO - Checkpoint saved to E:/Amrita/Subjects/Sem 5/BMSP paper work/Train data/Checkpoints/vit google mel stft no pretraining\model_epoch_8.pth
2024-12-27 13:58:33,677 - INFO - Training loss for epoch 9: 0.5953666011423424
2024-12-27 13:58:33,678 - INFO - Training accuracy for epoch 9: 68.6574074074074
2024-12-27 13:58:37,334 - INFO - Testing loss for epoch 9: 0.6768551847530068
2024-12-27 13:58:37,334 - INFO - Testing accuracy for epoch 9: 58.53211009174312

2024-12-27 13:58:37,334 - INFO - Current Learning rate: [1e-05]
2024-12-27 13:58:38,237 - INFO - Checkpoint saved to E:/Amrita/Subjects/Sem 5/BMSP paper work/Train data/Checkpoints/vit google mel stft no pretraining\model_epoch_9.pth
2024-12-27 13:59:14,249 - INFO - Training loss for epoch 10: 0.5521497502750544
2024-12-27 13:59:14,249 - INFO - Training accuracy for epoch 10: 71.06481481481481
2024-12-27 13:59:18,771 - INFO - Best model saved to E:/Amrita/Subjects/Sem 5/BMSP paper work/Train data/Checkpoints/vit google mel stft no pretraining\best_model.pth
2024-12-27 13:59:18,772 - INFO - Testing loss for epoch 10: 0.6027395581706948
2024-12-27 13:59:18,772 - INFO - Testing accuracy for epoch 10: 68.44036697247707

2024-12-27 13:59:18,772 - INFO - Current Learning rate: [1e-05]
2024-12-27 13:59:19,693 - INFO - Checkpoint saved to E:/Amrita/Subjects/Sem 5/BMSP paper work/Train data/Checkpoints/vit google mel stft no pretraining\model_epoch_10.pth
2024-12-27 13:59:55,899 - INFO - Training loss for epoch 11: 0.5054481901504375
2024-12-27 13:59:55,900 - INFO - Training accuracy for epoch 11: 74.67592592592592
2024-12-27 14:00:00,756 - INFO - Best model saved to E:/Amrita/Subjects/Sem 5/BMSP paper work/Train data/Checkpoints/vit google mel stft no pretraining\best_model.pth
2024-12-27 14:00:00,757 - INFO - Testing loss for epoch 11: 0.5825826654193598
2024-12-27 14:00:00,757 - INFO - Testing accuracy for epoch 11: 70.09174311926606

2024-12-27 14:00:00,757 - INFO - Current Learning rate: [1e-05]
2024-12-27 14:00:01,792 - INFO - Checkpoint saved to E:/Amrita/Subjects/Sem 5/BMSP paper work/Train data/Checkpoints/vit google mel stft no pretraining\model_epoch_11.pth
2024-12-27 14:00:38,042 - INFO - Training loss for epoch 12: 0.4405462719862246
2024-12-27 14:00:38,042 - INFO - Training accuracy for epoch 12: 79.72222222222223
2024-12-27 14:00:41,440 - INFO - Testing loss for epoch 12: 0.6303480035121288
2024-12-27 14:00:41,440 - INFO - Testing accuracy for epoch 12: 66.05504587155963

2024-12-27 14:00:41,441 - INFO - Current Learning rate: [1e-05]
2024-12-27 14:00:42,336 - INFO - Checkpoint saved to E:/Amrita/Subjects/Sem 5/BMSP paper work/Train data/Checkpoints/vit google mel stft no pretraining\model_epoch_12.pth
2024-12-27 14:01:18,829 - INFO - Training loss for epoch 13: 0.386879249829454
2024-12-27 14:01:18,829 - INFO - Training accuracy for epoch 13: 82.63888888888889
2024-12-27 14:01:22,607 - INFO - Testing loss for epoch 13: 0.7429463490160233
2024-12-27 14:01:22,607 - INFO - Testing accuracy for epoch 13: 69.54128440366972

2024-12-27 14:01:22,607 - INFO - Current Learning rate: [1e-05]
2024-12-27 14:01:23,533 - INFO - Checkpoint saved to E:/Amrita/Subjects/Sem 5/BMSP paper work/Train data/Checkpoints/vit google mel stft no pretraining\model_epoch_13.pth
2024-12-27 14:01:59,677 - INFO - Training loss for epoch 14: 0.31830519418387365
2024-12-27 14:01:59,677 - INFO - Training accuracy for epoch 14: 85.50925925925925
2024-12-27 14:02:03,327 - INFO - Testing loss for epoch 14: 0.7216472267557722
2024-12-27 14:02:03,328 - INFO - Testing accuracy for epoch 14: 70.64220183486239

2024-12-27 14:02:03,328 - INFO - Current Learning rate: [1e-05]
2024-12-27 14:02:04,308 - INFO - Checkpoint saved to E:/Amrita/Subjects/Sem 5/BMSP paper work/Train data/Checkpoints/vit google mel stft no pretraining\model_epoch_14.pth
2024-12-27 14:02:40,504 - INFO - Training loss for epoch 15: 0.2576048625722049
2024-12-27 14:02:40,505 - INFO - Training accuracy for epoch 15: 88.75
2024-12-27 14:02:44,116 - INFO - Testing loss for epoch 15: 0.8312607935390546
2024-12-27 14:02:44,116 - INFO - Testing accuracy for epoch 15: 71.37614678899082

2024-12-27 14:02:44,116 - INFO - Current Learning rate: [1e-05]
2024-12-27 14:02:45,035 - INFO - Checkpoint saved to E:/Amrita/Subjects/Sem 5/BMSP paper work/Train data/Checkpoints/vit google mel stft no pretraining\model_epoch_15.pth
2024-12-27 14:03:21,115 - INFO - Training loss for epoch 16: 0.20196388006957863
2024-12-27 14:03:21,115 - INFO - Training accuracy for epoch 16: 91.20370370370371
2024-12-27 14:03:24,637 - INFO - Testing loss for epoch 16: 0.9007883429988672
2024-12-27 14:03:24,637 - INFO - Testing accuracy for epoch 16: 68.25688073394495

2024-12-27 14:03:24,637 - INFO - Current Learning rate: [1.0000000000000002e-06]
2024-12-27 14:03:31,539 - INFO - Checkpoint saved to E:/Amrita/Subjects/Sem 5/BMSP paper work/Train data/Checkpoints/vit google mel stft no pretraining\model_epoch_16.pth
2024-12-27 14:04:07,731 - INFO - Training loss for epoch 17: 0.10106750632035578
2024-12-27 14:04:07,731 - INFO - Training accuracy for epoch 17: 96.11111111111111
2024-12-27 14:04:11,447 - INFO - Testing loss for epoch 17: 1.0680701581477146
2024-12-27 14:04:11,447 - INFO - Testing accuracy for epoch 17: 71.55963302752293

2024-12-27 14:04:11,448 - INFO - Current Learning rate: [1.0000000000000002e-06]
2024-12-27 14:04:12,412 - INFO - Checkpoint saved to E:/Amrita/Subjects/Sem 5/BMSP paper work/Train data/Checkpoints/vit google mel stft no pretraining\model_epoch_17.pth
2024-12-27 14:04:48,735 - INFO - Training loss for epoch 18: 0.05492131814633939
2024-12-27 14:04:48,736 - INFO - Training accuracy for epoch 18: 97.91666666666667
2024-12-27 14:04:52,383 - INFO - Testing loss for epoch 18: 1.3440292018464095
2024-12-27 14:04:52,383 - INFO - Testing accuracy for epoch 18: 69.35779816513761

2024-12-27 14:04:52,383 - INFO - Current Learning rate: [1.0000000000000002e-06]
2024-12-27 14:04:53,335 - INFO - Checkpoint saved to E:/Amrita/Subjects/Sem 5/BMSP paper work/Train data/Checkpoints/vit google mel stft no pretraining\model_epoch_18.pth
2024-12-27 14:05:30,379 - INFO - Training loss for epoch 19: 0.038475674818646104
2024-12-27 14:05:30,379 - INFO - Training accuracy for epoch 19: 98.88888888888889
2024-12-27 14:05:34,081 - INFO - Testing loss for epoch 19: 1.4026309721854862
2024-12-27 14:05:34,081 - INFO - Testing accuracy for epoch 19: 71.37614678899082

2024-12-27 14:05:34,081 - INFO - Current Learning rate: [1.0000000000000002e-06]
2024-12-27 14:05:35,156 - INFO - Checkpoint saved to E:/Amrita/Subjects/Sem 5/BMSP paper work/Train data/Checkpoints/vit google mel stft no pretraining\model_epoch_19.pth
2024-12-27 14:06:11,715 - INFO - Training loss for epoch 20: 0.024683483465326863
2024-12-27 14:06:11,715 - INFO - Training accuracy for epoch 20: 99.30555555555556
2024-12-27 14:06:15,278 - INFO - Testing loss for epoch 20: 1.6224741843308297
2024-12-27 14:06:15,278 - INFO - Testing accuracy for epoch 20: 70.64220183486239

2024-12-27 14:06:15,278 - INFO - Current Learning rate: [1.0000000000000002e-06]
2024-12-27 14:06:16,247 - INFO - Checkpoint saved to E:/Amrita/Subjects/Sem 5/BMSP paper work/Train data/Checkpoints/vit google mel stft no pretraining\model_epoch_20.pth
2024-12-27 14:06:52,677 - INFO - Training loss for epoch 21: 0.016753373931629137
2024-12-27 14:06:52,677 - INFO - Training accuracy for epoch 21: 99.53703703703704
2024-12-27 14:06:56,243 - INFO - Testing loss for epoch 21: 1.8007388786278804
2024-12-27 14:06:56,243 - INFO - Testing accuracy for epoch 21: 70.45871559633028

2024-12-27 14:06:56,243 - INFO - Current Learning rate: [1.0000000000000002e-07]
2024-12-27 14:06:58,345 - INFO - Checkpoint saved to E:/Amrita/Subjects/Sem 5/BMSP paper work/Train data/Checkpoints/vit google mel stft no pretraining\model_epoch_21.pth
2024-12-27 14:07:36,755 - INFO - Training loss for epoch 22: 0.008352073795080102
2024-12-27 14:07:36,755 - INFO - Training accuracy for epoch 22: 99.86111111111111
2024-12-27 14:07:41,098 - INFO - Testing loss for epoch 22: 1.8329074513816306
2024-12-27 14:07:41,099 - INFO - Testing accuracy for epoch 22: 71.0091743119266

2024-12-27 14:07:41,099 - INFO - Current Learning rate: [1.0000000000000002e-07]
2024-12-27 14:07:42,289 - INFO - Checkpoint saved to E:/Amrita/Subjects/Sem 5/BMSP paper work/Train data/Checkpoints/vit google mel stft no pretraining\model_epoch_22.pth
2024-12-27 14:08:21,426 - INFO - Training loss for epoch 23: 0.00757405621254958
2024-12-27 14:08:21,426 - INFO - Training accuracy for epoch 23: 99.86111111111111
2024-12-27 14:08:25,290 - INFO - Testing loss for epoch 23: 1.859780793808326
2024-12-27 14:08:25,290 - INFO - Testing accuracy for epoch 23: 71.19266055045871

2024-12-27 14:08:25,290 - INFO - Current Learning rate: [1.0000000000000002e-07]
2024-12-27 14:08:26,239 - INFO - Checkpoint saved to E:/Amrita/Subjects/Sem 5/BMSP paper work/Train data/Checkpoints/vit google mel stft no pretraining\model_epoch_23.pth
2024-12-27 14:09:03,200 - INFO - Training loss for epoch 24: 0.006734570114910336
2024-12-27 14:09:03,201 - INFO - Training accuracy for epoch 24: 99.86111111111111
2024-12-27 14:09:07,085 - INFO - Testing loss for epoch 24: 1.8759369987973338
2024-12-27 14:09:07,085 - INFO - Testing accuracy for epoch 24: 70.64220183486239

2024-12-27 14:09:07,086 - INFO - Current Learning rate: [1.0000000000000002e-07]
2024-12-27 14:09:08,102 - INFO - Checkpoint saved to E:/Amrita/Subjects/Sem 5/BMSP paper work/Train data/Checkpoints/vit google mel stft no pretraining\model_epoch_24.pth
