2024-12-27 11:28:12,497 - INFO - Using device: cuda
2024-12-27 11:28:12,848 - INFO - Starting training for 16 epochs from scratch
2024-12-27 11:29:33,872 - INFO - Training loss for epoch 1: 0.6287244356547793
2024-12-27 11:29:33,872 - INFO - Training accuracy for epoch 1: 64.58333333333333
2024-12-27 11:30:27,028 - INFO - Best model saved to E:/Amrita/Subjects/Sem 5/BMSP paper work/Train data/Checkpoints/vit google stft only\best_model.pth
2024-12-27 11:30:27,029 - INFO - Testing loss for epoch 1: 0.5769920083907766
2024-12-27 11:30:27,030 - INFO - Testing accuracy for epoch 1: 68.80733944954129

2024-12-27 11:30:27,030 - INFO - Current Learning rate: [1e-05]
2024-12-27 11:30:27,692 - INFO - Checkpoint saved to E:/Amrita/Subjects/Sem 5/BMSP paper work/Train data/Checkpoints/vit google stft only\model_epoch_1.pth
2024-12-27 11:31:00,079 - INFO - Training loss for epoch 2: 0.5303402278848268
2024-12-27 11:31:00,079 - INFO - Training accuracy for epoch 2: 73.24074074074075
2024-12-27 11:31:03,820 - INFO - Best model saved to E:/Amrita/Subjects/Sem 5/BMSP paper work/Train data/Checkpoints/vit google stft only\best_model.pth
2024-12-27 11:31:03,820 - INFO - Testing loss for epoch 2: 0.5437810777797611
2024-12-27 11:31:03,820 - INFO - Testing accuracy for epoch 2: 70.09174311926606

2024-12-27 11:31:03,820 - INFO - Current Learning rate: [1e-05]
2024-12-27 11:31:04,533 - INFO - Checkpoint saved to E:/Amrita/Subjects/Sem 5/BMSP paper work/Train data/Checkpoints/vit google stft only\model_epoch_2.pth
2024-12-27 11:31:37,102 - INFO - Training loss for epoch 3: 0.4477381457885106
2024-12-27 11:31:37,102 - INFO - Training accuracy for epoch 3: 78.8425925925926
2024-12-27 11:31:40,893 - INFO - Best model saved to E:/Amrita/Subjects/Sem 5/BMSP paper work/Train data/Checkpoints/vit google stft only\best_model.pth
2024-12-27 11:31:40,893 - INFO - Testing loss for epoch 3: 0.4993912101202055
2024-12-27 11:31:40,893 - INFO - Testing accuracy for epoch 3: 75.22935779816514

2024-12-27 11:31:40,893 - INFO - Current Learning rate: [1e-05]
2024-12-27 11:31:41,668 - INFO - Checkpoint saved to E:/Amrita/Subjects/Sem 5/BMSP paper work/Train data/Checkpoints/vit google stft only\model_epoch_3.pth
2024-12-27 11:32:14,112 - INFO - Training loss for epoch 4: 0.3467802724119759
2024-12-27 11:32:14,113 - INFO - Training accuracy for epoch 4: 84.58333333333333
2024-12-27 11:32:17,999 - INFO - Best model saved to E:/Amrita/Subjects/Sem 5/BMSP paper work/Train data/Checkpoints/vit google stft only\best_model.pth
2024-12-27 11:32:17,999 - INFO - Testing loss for epoch 4: 0.47848014424153423
2024-12-27 11:32:17,999 - INFO - Testing accuracy for epoch 4: 77.43119266055047

2024-12-27 11:32:17,999 - INFO - Current Learning rate: [1e-05]
2024-12-27 11:32:21,510 - INFO - Checkpoint saved to E:/Amrita/Subjects/Sem 5/BMSP paper work/Train data/Checkpoints/vit google stft only\model_epoch_4.pth
2024-12-27 11:32:53,984 - INFO - Training loss for epoch 5: 0.26779865155738125
2024-12-27 11:32:53,985 - INFO - Training accuracy for epoch 5: 88.75
2024-12-27 11:32:57,091 - INFO - Testing loss for epoch 5: 0.5447028880477498
2024-12-27 11:32:57,091 - INFO - Testing accuracy for epoch 5: 73.94495412844037

2024-12-27 11:32:57,091 - INFO - Current Learning rate: [1e-05]
2024-12-27 11:32:57,844 - INFO - Checkpoint saved to E:/Amrita/Subjects/Sem 5/BMSP paper work/Train data/Checkpoints/vit google stft only\model_epoch_5.pth
2024-12-27 11:33:30,171 - INFO - Training loss for epoch 6: 0.17295442097087357
2024-12-27 11:33:30,171 - INFO - Training accuracy for epoch 6: 93.61111111111111
2024-12-27 11:33:33,118 - INFO - Testing loss for epoch 6: 0.8499313984237132
2024-12-27 11:33:33,118 - INFO - Testing accuracy for epoch 6: 71.55963302752293

2024-12-27 11:33:33,118 - INFO - Current Learning rate: [1e-05]
2024-12-27 11:33:33,900 - INFO - Checkpoint saved to E:/Amrita/Subjects/Sem 5/BMSP paper work/Train data/Checkpoints/vit google stft only\model_epoch_6.pth
2024-12-27 11:34:07,030 - INFO - Training loss for epoch 7: 0.10829356331992636
2024-12-27 11:34:07,030 - INFO - Training accuracy for epoch 7: 96.94444444444444
2024-12-27 11:34:10,018 - INFO - Testing loss for epoch 7: 0.5919373318758032
2024-12-27 11:34:10,018 - INFO - Testing accuracy for epoch 7: 75.04587155963303

2024-12-27 11:34:10,019 - INFO - Current Learning rate: [1e-05]
2024-12-27 11:34:10,790 - INFO - Checkpoint saved to E:/Amrita/Subjects/Sem 5/BMSP paper work/Train data/Checkpoints/vit google stft only\model_epoch_7.pth
2024-12-27 11:34:44,257 - INFO - Training loss for epoch 8: 0.06387708930614516
2024-12-27 11:34:44,257 - INFO - Training accuracy for epoch 8: 97.82407407407408
2024-12-27 11:34:47,443 - INFO - Testing loss for epoch 8: 0.5919713430371512
2024-12-27 11:34:47,444 - INFO - Testing accuracy for epoch 8: 78.71559633027523

2024-12-27 11:34:47,444 - INFO - Current Learning rate: [1e-05]
2024-12-27 11:34:48,197 - INFO - Checkpoint saved to E:/Amrita/Subjects/Sem 5/BMSP paper work/Train data/Checkpoints/vit google stft only\model_epoch_8.pth
2024-12-27 11:35:21,705 - INFO - Training loss for epoch 9: 0.028098705541196978
2024-12-27 11:35:21,705 - INFO - Training accuracy for epoch 9: 99.12037037037037
2024-12-27 11:35:24,780 - INFO - Testing loss for epoch 9: 0.7390768410394464
2024-12-27 11:35:24,780 - INFO - Testing accuracy for epoch 9: 77.61467889908256

2024-12-27 11:35:24,780 - INFO - Current Learning rate: [1.0000000000000002e-06]
2024-12-27 11:35:25,546 - INFO - Checkpoint saved to E:/Amrita/Subjects/Sem 5/BMSP paper work/Train data/Checkpoints/vit google stft only\model_epoch_9.pth
2024-12-27 11:35:59,203 - INFO - Training loss for epoch 10: 0.011544658972491528
2024-12-27 11:35:59,203 - INFO - Training accuracy for epoch 10: 99.86111111111111
2024-12-27 11:36:02,308 - INFO - Testing loss for epoch 10: 0.7285949752352056
2024-12-27 11:36:02,308 - INFO - Testing accuracy for epoch 10: 78.1651376146789

2024-12-27 11:36:02,308 - INFO - Current Learning rate: [1.0000000000000002e-06]
2024-12-27 11:36:03,077 - INFO - Checkpoint saved to E:/Amrita/Subjects/Sem 5/BMSP paper work/Train data/Checkpoints/vit google stft only\model_epoch_10.pth
2024-12-27 11:36:36,581 - INFO - Training loss for epoch 11: 0.006435001919911614
2024-12-27 11:36:36,581 - INFO - Training accuracy for epoch 11: 100.0
2024-12-27 11:36:39,769 - INFO - Testing loss for epoch 11: 0.7220788896286757
2024-12-27 11:36:39,770 - INFO - Testing accuracy for epoch 11: 78.53211009174312

2024-12-27 11:36:39,770 - INFO - Current Learning rate: [1.0000000000000002e-06]
2024-12-27 11:36:40,572 - INFO - Checkpoint saved to E:/Amrita/Subjects/Sem 5/BMSP paper work/Train data/Checkpoints/vit google stft only\model_epoch_11.pth
2024-12-27 11:37:14,085 - INFO - Training loss for epoch 12: 0.005182617988558141
2024-12-27 11:37:14,085 - INFO - Training accuracy for epoch 12: 100.0
2024-12-27 11:37:17,171 - INFO - Testing loss for epoch 12: 0.7353691907258867
2024-12-27 11:37:17,171 - INFO - Testing accuracy for epoch 12: 79.26605504587155

2024-12-27 11:37:17,171 - INFO - Current Learning rate: [1.0000000000000002e-06]
2024-12-27 11:37:17,971 - INFO - Checkpoint saved to E:/Amrita/Subjects/Sem 5/BMSP paper work/Train data/Checkpoints/vit google stft only\model_epoch_12.pth
2024-12-27 11:37:51,411 - INFO - Training loss for epoch 13: 0.004374281340022679
2024-12-27 11:37:51,411 - INFO - Training accuracy for epoch 13: 100.0
2024-12-27 11:37:54,506 - INFO - Testing loss for epoch 13: 0.7478582578756069
2024-12-27 11:37:54,507 - INFO - Testing accuracy for epoch 13: 79.44954128440367

2024-12-27 11:37:54,507 - INFO - Current Learning rate: [1.0000000000000002e-06]
2024-12-27 11:37:55,260 - INFO - Checkpoint saved to E:/Amrita/Subjects/Sem 5/BMSP paper work/Train data/Checkpoints/vit google stft only\model_epoch_13.pth
2024-12-27 11:38:28,860 - INFO - Training loss for epoch 14: 0.003716203862428234
2024-12-27 11:38:28,860 - INFO - Training accuracy for epoch 14: 100.0
2024-12-27 11:38:32,082 - INFO - Testing loss for epoch 14: 0.7606841992013319
2024-12-27 11:38:32,082 - INFO - Testing accuracy for epoch 14: 79.81651376146789

2024-12-27 11:38:32,082 - INFO - Current Learning rate: [1.0000000000000002e-07]
2024-12-27 11:38:32,846 - INFO - Checkpoint saved to E:/Amrita/Subjects/Sem 5/BMSP paper work/Train data/Checkpoints/vit google stft only\model_epoch_14.pth
2024-12-27 11:39:06,585 - INFO - Training loss for epoch 15: 0.00330087666164521
2024-12-27 11:39:06,586 - INFO - Training accuracy for epoch 15: 100.0
2024-12-27 11:39:09,787 - INFO - Testing loss for epoch 15: 0.7621629382889513
2024-12-27 11:39:09,787 - INFO - Testing accuracy for epoch 15: 79.63302752293578

2024-12-27 11:39:09,787 - INFO - Current Learning rate: [1.0000000000000002e-07]
2024-12-27 11:39:10,571 - INFO - Checkpoint saved to E:/Amrita/Subjects/Sem 5/BMSP paper work/Train data/Checkpoints/vit google stft only\model_epoch_15.pth
2024-12-27 11:39:43,803 - INFO - Training loss for epoch 16: 0.003240985530956769
2024-12-27 11:39:43,803 - INFO - Training accuracy for epoch 16: 100.0
2024-12-27 11:39:46,841 - INFO - Testing loss for epoch 16: 0.7640507009447501
2024-12-27 11:39:46,841 - INFO - Testing accuracy for epoch 16: 79.81651376146789

2024-12-27 11:39:46,841 - INFO - Current Learning rate: [1.0000000000000002e-07]
2024-12-27 11:39:47,572 - INFO - Checkpoint saved to E:/Amrita/Subjects/Sem 5/BMSP paper work/Train data/Checkpoints/vit google stft only\model_epoch_16.pth
