2024-12-27 11:49:07,188 - INFO - Using device: cuda
2024-12-27 11:49:07,546 - INFO - Starting training for 16 epochs from scratch
2024-12-27 11:50:29,676 - INFO - Training loss for epoch 1: 0.6520740569879612
2024-12-27 11:50:29,676 - INFO - Training accuracy for epoch 1: 61.94444444444444
2024-12-27 11:51:20,607 - INFO - Best model saved to E:/Amrita/Subjects/Sem 5/BMSP paper work/Train data/Checkpoints/vit google mel only\best_model.pth
2024-12-27 11:51:20,609 - INFO - Testing loss for epoch 1: 0.5989406975584293
2024-12-27 11:51:20,609 - INFO - Testing accuracy for epoch 1: 67.70642201834862

2024-12-27 11:51:20,609 - INFO - Current Learning rate: [1e-05]
2024-12-27 11:51:21,268 - INFO - Checkpoint saved to E:/Amrita/Subjects/Sem 5/BMSP paper work/Train data/Checkpoints/vit google mel only\model_epoch_1.pth
2024-12-27 11:51:53,633 - INFO - Training loss for epoch 2: 0.580661128602784
2024-12-27 11:51:53,634 - INFO - Training accuracy for epoch 2: 68.79629629629629
2024-12-27 11:51:57,339 - INFO - Best model saved to E:/Amrita/Subjects/Sem 5/BMSP paper work/Train data/Checkpoints/vit google mel only\best_model.pth
2024-12-27 11:51:57,340 - INFO - Testing loss for epoch 2: 0.5381286708860222
2024-12-27 11:51:57,340 - INFO - Testing accuracy for epoch 2: 72.66055045871559

2024-12-27 11:51:57,340 - INFO - Current Learning rate: [1e-05]
2024-12-27 11:51:58,041 - INFO - Checkpoint saved to E:/Amrita/Subjects/Sem 5/BMSP paper work/Train data/Checkpoints/vit google mel only\model_epoch_2.pth
2024-12-27 11:52:29,934 - INFO - Training loss for epoch 3: 0.5180051759471772
2024-12-27 11:52:29,934 - INFO - Training accuracy for epoch 3: 75.0
2024-12-27 11:52:33,723 - INFO - Best model saved to E:/Amrita/Subjects/Sem 5/BMSP paper work/Train data/Checkpoints/vit google mel only\best_model.pth
2024-12-27 11:52:33,724 - INFO - Testing loss for epoch 3: 0.5287620661728972
2024-12-27 11:52:33,724 - INFO - Testing accuracy for epoch 3: 73.94495412844037

2024-12-27 11:52:33,724 - INFO - Current Learning rate: [1e-05]
2024-12-27 11:52:34,484 - INFO - Checkpoint saved to E:/Amrita/Subjects/Sem 5/BMSP paper work/Train data/Checkpoints/vit google mel only\model_epoch_3.pth
2024-12-27 11:53:06,390 - INFO - Training loss for epoch 4: 0.4108153669146338
2024-12-27 11:53:06,391 - INFO - Training accuracy for epoch 4: 80.87962962962963
2024-12-27 11:53:10,155 - INFO - Best model saved to E:/Amrita/Subjects/Sem 5/BMSP paper work/Train data/Checkpoints/vit google mel only\best_model.pth
2024-12-27 11:53:10,156 - INFO - Testing loss for epoch 4: 0.5044651766299107
2024-12-27 11:53:10,156 - INFO - Testing accuracy for epoch 4: 75.22935779816514

2024-12-27 11:53:10,157 - INFO - Current Learning rate: [1e-05]
2024-12-27 11:53:10,935 - INFO - Checkpoint saved to E:/Amrita/Subjects/Sem 5/BMSP paper work/Train data/Checkpoints/vit google mel only\model_epoch_4.pth
2024-12-27 11:53:43,185 - INFO - Training loss for epoch 5: 0.3255777123418671
2024-12-27 11:53:43,185 - INFO - Training accuracy for epoch 5: 85.78703703703704
2024-12-27 11:53:46,142 - INFO - Testing loss for epoch 5: 0.5173189573058294
2024-12-27 11:53:46,142 - INFO - Testing accuracy for epoch 5: 73.76146788990826

2024-12-27 11:53:46,142 - INFO - Current Learning rate: [1e-05]
2024-12-27 11:53:46,890 - INFO - Checkpoint saved to E:/Amrita/Subjects/Sem 5/BMSP paper work/Train data/Checkpoints/vit google mel only\model_epoch_5.pth
2024-12-27 11:54:18,991 - INFO - Training loss for epoch 6: 0.2461577943974623
2024-12-27 11:54:18,991 - INFO - Training accuracy for epoch 6: 89.25925925925925
2024-12-27 11:54:21,876 - INFO - Testing loss for epoch 6: 0.6018670009226974
2024-12-27 11:54:21,876 - INFO - Testing accuracy for epoch 6: 75.77981651376147

2024-12-27 11:54:21,877 - INFO - Current Learning rate: [1e-05]
2024-12-27 11:54:22,629 - INFO - Checkpoint saved to E:/Amrita/Subjects/Sem 5/BMSP paper work/Train data/Checkpoints/vit google mel only\model_epoch_6.pth
2024-12-27 11:54:54,746 - INFO - Training loss for epoch 7: 0.12906734637363115
2024-12-27 11:54:54,746 - INFO - Training accuracy for epoch 7: 95.60185185185185
2024-12-27 11:54:57,726 - INFO - Testing loss for epoch 7: 0.567590893895596
2024-12-27 11:54:57,726 - INFO - Testing accuracy for epoch 7: 78.89908256880734

2024-12-27 11:54:57,726 - INFO - Current Learning rate: [1e-05]
2024-12-27 11:54:58,471 - INFO - Checkpoint saved to E:/Amrita/Subjects/Sem 5/BMSP paper work/Train data/Checkpoints/vit google mel only\model_epoch_7.pth
2024-12-27 11:55:31,748 - INFO - Training loss for epoch 8: 0.08283400671926858
2024-12-27 11:55:31,748 - INFO - Training accuracy for epoch 8: 96.99074074074075
2024-12-27 11:55:34,746 - INFO - Testing loss for epoch 8: 0.6785210848469799
2024-12-27 11:55:34,746 - INFO - Testing accuracy for epoch 8: 75.59633027522936

2024-12-27 11:55:34,746 - INFO - Current Learning rate: [1e-05]
2024-12-27 11:55:35,495 - INFO - Checkpoint saved to E:/Amrita/Subjects/Sem 5/BMSP paper work/Train data/Checkpoints/vit google mel only\model_epoch_8.pth
2024-12-27 11:56:09,004 - INFO - Training loss for epoch 9: 0.07216689567980615
2024-12-27 11:56:09,004 - INFO - Training accuracy for epoch 9: 97.5
2024-12-27 11:56:11,999 - INFO - Testing loss for epoch 9: 0.8233776571220556
2024-12-27 11:56:11,999 - INFO - Testing accuracy for epoch 9: 73.21100917431193

2024-12-27 11:56:11,999 - INFO - Current Learning rate: [1.0000000000000002e-06]
2024-12-27 11:56:12,795 - INFO - Checkpoint saved to E:/Amrita/Subjects/Sem 5/BMSP paper work/Train data/Checkpoints/vit google mel only\model_epoch_9.pth
2024-12-27 11:56:46,155 - INFO - Training loss for epoch 10: 0.03719242531237628
2024-12-27 11:56:46,156 - INFO - Training accuracy for epoch 10: 98.8425925925926
2024-12-27 11:56:49,264 - INFO - Testing loss for epoch 10: 0.7008327776929278
2024-12-27 11:56:49,264 - INFO - Testing accuracy for epoch 10: 78.1651376146789

2024-12-27 11:56:49,264 - INFO - Current Learning rate: [1.0000000000000002e-06]
2024-12-27 11:56:50,081 - INFO - Checkpoint saved to E:/Amrita/Subjects/Sem 5/BMSP paper work/Train data/Checkpoints/vit google mel only\model_epoch_10.pth
2024-12-27 11:57:23,479 - INFO - Training loss for epoch 11: 0.015601646459496502
2024-12-27 11:57:23,479 - INFO - Training accuracy for epoch 11: 99.81481481481481
2024-12-27 11:57:26,626 - INFO - Testing loss for epoch 11: 0.7264533036339328
2024-12-27 11:57:26,626 - INFO - Testing accuracy for epoch 11: 78.53211009174312

2024-12-27 11:57:26,626 - INFO - Current Learning rate: [1.0000000000000002e-06]
2024-12-27 11:57:27,381 - INFO - Checkpoint saved to E:/Amrita/Subjects/Sem 5/BMSP paper work/Train data/Checkpoints/vit google mel only\model_epoch_11.pth
2024-12-27 11:58:00,653 - INFO - Training loss for epoch 12: 0.011043825289056662
2024-12-27 11:58:00,653 - INFO - Training accuracy for epoch 12: 99.9074074074074
2024-12-27 11:58:03,606 - INFO - Testing loss for epoch 12: 0.7489944271862917
2024-12-27 11:58:03,606 - INFO - Testing accuracy for epoch 12: 80.18348623853211

2024-12-27 11:58:03,606 - INFO - Current Learning rate: [1.0000000000000002e-06]
2024-12-27 11:58:04,356 - INFO - Checkpoint saved to E:/Amrita/Subjects/Sem 5/BMSP paper work/Train data/Checkpoints/vit google mel only\model_epoch_12.pth
2024-12-27 11:58:37,491 - INFO - Training loss for epoch 13: 0.008580391922603466
2024-12-27 11:58:37,491 - INFO - Training accuracy for epoch 13: 100.0
2024-12-27 11:58:40,513 - INFO - Testing loss for epoch 13: 0.7645853648086104
2024-12-27 11:58:40,513 - INFO - Testing accuracy for epoch 13: 78.71559633027523

2024-12-27 11:58:40,513 - INFO - Current Learning rate: [1.0000000000000002e-06]
2024-12-27 11:58:41,268 - INFO - Checkpoint saved to E:/Amrita/Subjects/Sem 5/BMSP paper work/Train data/Checkpoints/vit google mel only\model_epoch_13.pth
2024-12-27 11:59:14,447 - INFO - Training loss for epoch 14: 0.006826379459434301
2024-12-27 11:59:14,447 - INFO - Training accuracy for epoch 14: 100.0
2024-12-27 11:59:17,451 - INFO - Testing loss for epoch 14: 0.7862338467133702
2024-12-27 11:59:17,451 - INFO - Testing accuracy for epoch 14: 79.44954128440367

2024-12-27 11:59:17,451 - INFO - Current Learning rate: [1.0000000000000002e-07]
2024-12-27 11:59:18,227 - INFO - Checkpoint saved to E:/Amrita/Subjects/Sem 5/BMSP paper work/Train data/Checkpoints/vit google mel only\model_epoch_14.pth
2024-12-27 11:59:51,509 - INFO - Training loss for epoch 15: 0.005713347797777883
2024-12-27 11:59:51,509 - INFO - Training accuracy for epoch 15: 100.0
2024-12-27 11:59:54,544 - INFO - Testing loss for epoch 15: 0.7881104719019794
2024-12-27 11:59:54,545 - INFO - Testing accuracy for epoch 15: 79.44954128440367

2024-12-27 11:59:54,545 - INFO - Current Learning rate: [1.0000000000000002e-07]
2024-12-27 11:59:55,315 - INFO - Checkpoint saved to E:/Amrita/Subjects/Sem 5/BMSP paper work/Train data/Checkpoints/vit google mel only\model_epoch_15.pth
2024-12-27 12:00:28,773 - INFO - Training loss for epoch 16: 0.005590434523549414
2024-12-27 12:00:28,773 - INFO - Training accuracy for epoch 16: 100.0
2024-12-27 12:00:31,802 - INFO - Testing loss for epoch 16: 0.7904184811455924
2024-12-27 12:00:31,802 - INFO - Testing accuracy for epoch 16: 79.26605504587155

2024-12-27 12:00:31,802 - INFO - Current Learning rate: [1.0000000000000002e-07]
2024-12-27 12:00:32,569 - INFO - Checkpoint saved to E:/Amrita/Subjects/Sem 5/BMSP paper work/Train data/Checkpoints/vit google mel only\model_epoch_16.pth
