2024-12-27 13:26:23,670 - INFO - Using device: cuda
2024-12-27 13:26:23,817 - INFO - Starting training for 24 epochs from scratch
2024-12-27 13:27:44,998 - INFO - Training loss for epoch 1: 0.7188238229050681
2024-12-27 13:27:44,998 - INFO - Training accuracy for epoch 1: 49.9537037037037
2024-12-27 13:28:39,282 - INFO - Best model saved to E:/Amrita/Subjects/Sem 5/BMSP paper work/Train data/Checkpoints/vit google stft no pretraining\best_model.pth
2024-12-27 13:28:39,285 - INFO - Testing loss for epoch 1: 0.6925130120111168
2024-12-27 13:28:39,285 - INFO - Testing accuracy for epoch 1: 50.27522935779817

2024-12-27 13:28:39,285 - INFO - Current Learning rate: [1e-05]
2024-12-27 13:28:39,996 - INFO - Checkpoint saved to E:/Amrita/Subjects/Sem 5/BMSP paper work/Train data/Checkpoints/vit google stft no pretraining\model_epoch_1.pth
2024-12-27 13:29:12,423 - INFO - Training loss for epoch 2: 0.7033069749121312
2024-12-27 13:29:12,423 - INFO - Training accuracy for epoch 2: 50.78703703703704
2024-12-27 13:29:16,249 - INFO - Best model saved to E:/Amrita/Subjects/Sem 5/BMSP paper work/Train data/Checkpoints/vit google stft no pretraining\best_model.pth
2024-12-27 13:29:16,249 - INFO - Testing loss for epoch 2: 0.6920996286453457
2024-12-27 13:29:16,249 - INFO - Testing accuracy for epoch 2: 51.559633027522935

2024-12-27 13:29:16,249 - INFO - Current Learning rate: [1e-05]
2024-12-27 13:29:17,003 - INFO - Checkpoint saved to E:/Amrita/Subjects/Sem 5/BMSP paper work/Train data/Checkpoints/vit google stft no pretraining\model_epoch_2.pth
2024-12-27 13:29:49,536 - INFO - Training loss for epoch 3: 0.7096971266523555
2024-12-27 13:29:49,537 - INFO - Training accuracy for epoch 3: 48.842592592592595
2024-12-27 13:29:52,727 - INFO - Testing loss for epoch 3: 0.6977893546086933
2024-12-27 13:29:52,727 - INFO - Testing accuracy for epoch 3: 51.559633027522935

2024-12-27 13:29:52,728 - INFO - Current Learning rate: [1e-05]
2024-12-27 13:29:53,496 - INFO - Checkpoint saved to E:/Amrita/Subjects/Sem 5/BMSP paper work/Train data/Checkpoints/vit google stft no pretraining\model_epoch_3.pth
2024-12-27 13:30:26,634 - INFO - Training loss for epoch 4: 0.691854005748475
2024-12-27 13:30:26,634 - INFO - Training accuracy for epoch 4: 53.842592592592595
2024-12-27 13:30:30,637 - INFO - Best model saved to E:/Amrita/Subjects/Sem 5/BMSP paper work/Train data/Checkpoints/vit google stft no pretraining\best_model.pth
2024-12-27 13:30:30,637 - INFO - Testing loss for epoch 4: 0.6752596686192609
2024-12-27 13:30:30,637 - INFO - Testing accuracy for epoch 4: 57.981651376146786

2024-12-27 13:30:30,637 - INFO - Current Learning rate: [1e-05]
2024-12-27 13:30:37,855 - INFO - Checkpoint saved to E:/Amrita/Subjects/Sem 5/BMSP paper work/Train data/Checkpoints/vit google stft no pretraining\model_epoch_4.pth
2024-12-27 13:31:11,367 - INFO - Training loss for epoch 5: 0.6695395147910824
2024-12-27 13:31:11,367 - INFO - Training accuracy for epoch 5: 58.75
2024-12-27 13:31:15,372 - INFO - Best model saved to E:/Amrita/Subjects/Sem 5/BMSP paper work/Train data/Checkpoints/vit google stft no pretraining\best_model.pth
2024-12-27 13:31:15,373 - INFO - Testing loss for epoch 5: 0.6460261243745822
2024-12-27 13:31:15,373 - INFO - Testing accuracy for epoch 5: 62.20183486238532

2024-12-27 13:31:15,373 - INFO - Current Learning rate: [1e-05]
2024-12-27 13:31:16,172 - INFO - Checkpoint saved to E:/Amrita/Subjects/Sem 5/BMSP paper work/Train data/Checkpoints/vit google stft no pretraining\model_epoch_5.pth
2024-12-27 13:31:49,993 - INFO - Training loss for epoch 6: 0.6427996089268062
2024-12-27 13:31:49,994 - INFO - Training accuracy for epoch 6: 62.870370370370374
2024-12-27 13:31:53,959 - INFO - Best model saved to E:/Amrita/Subjects/Sem 5/BMSP paper work/Train data/Checkpoints/vit google stft no pretraining\best_model.pth
2024-12-27 13:31:53,960 - INFO - Testing loss for epoch 6: 0.6355194383804951
2024-12-27 13:31:53,960 - INFO - Testing accuracy for epoch 6: 63.11926605504587

2024-12-27 13:31:53,960 - INFO - Current Learning rate: [1e-05]
2024-12-27 13:31:54,816 - INFO - Checkpoint saved to E:/Amrita/Subjects/Sem 5/BMSP paper work/Train data/Checkpoints/vit google stft no pretraining\model_epoch_6.pth
2024-12-27 13:32:28,734 - INFO - Training loss for epoch 7: 0.6105514086644959
2024-12-27 13:32:28,734 - INFO - Training accuracy for epoch 7: 65.83333333333333
2024-12-27 13:32:32,799 - INFO - Best model saved to E:/Amrita/Subjects/Sem 5/BMSP paper work/Train data/Checkpoints/vit google stft no pretraining\best_model.pth
2024-12-27 13:32:32,800 - INFO - Testing loss for epoch 7: 0.6176813983042305
2024-12-27 13:32:32,800 - INFO - Testing accuracy for epoch 7: 64.22018348623853

2024-12-27 13:32:32,800 - INFO - Current Learning rate: [1e-05]
2024-12-27 13:32:33,603 - INFO - Checkpoint saved to E:/Amrita/Subjects/Sem 5/BMSP paper work/Train data/Checkpoints/vit google stft no pretraining\model_epoch_7.pth
2024-12-27 13:33:07,373 - INFO - Training loss for epoch 8: 0.5694991054220332
2024-12-27 13:33:07,373 - INFO - Training accuracy for epoch 8: 70.69444444444444
2024-12-27 13:33:11,578 - INFO - Best model saved to E:/Amrita/Subjects/Sem 5/BMSP paper work/Train data/Checkpoints/vit google stft no pretraining\best_model.pth
2024-12-27 13:33:11,578 - INFO - Testing loss for epoch 8: 0.6136965896558324
2024-12-27 13:33:11,578 - INFO - Testing accuracy for epoch 8: 66.42201834862385

2024-12-27 13:33:11,578 - INFO - Current Learning rate: [1e-05]
2024-12-27 13:33:12,430 - INFO - Checkpoint saved to E:/Amrita/Subjects/Sem 5/BMSP paper work/Train data/Checkpoints/vit google stft no pretraining\model_epoch_8.pth
2024-12-27 13:34:05,384 - INFO - Training loss for epoch 9: 0.517618853961014
2024-12-27 13:34:05,385 - INFO - Training accuracy for epoch 9: 74.44444444444444
2024-12-27 13:34:08,498 - INFO - Testing loss for epoch 9: 0.6724144136960354
2024-12-27 13:34:08,499 - INFO - Testing accuracy for epoch 9: 64.77064220183486

2024-12-27 13:34:08,499 - INFO - Current Learning rate: [1e-05]
2024-12-27 13:34:09,284 - INFO - Checkpoint saved to E:/Amrita/Subjects/Sem 5/BMSP paper work/Train data/Checkpoints/vit google stft no pretraining\model_epoch_9.pth
2024-12-27 13:34:42,810 - INFO - Training loss for epoch 10: 0.45608638915129834
2024-12-27 13:34:42,810 - INFO - Training accuracy for epoch 10: 77.73148148148148
2024-12-27 13:34:46,782 - INFO - Best model saved to E:/Amrita/Subjects/Sem 5/BMSP paper work/Train data/Checkpoints/vit google stft no pretraining\best_model.pth
2024-12-27 13:34:46,782 - INFO - Testing loss for epoch 10: 0.5981455592934145
2024-12-27 13:34:46,782 - INFO - Testing accuracy for epoch 10: 70.09174311926606

2024-12-27 13:34:46,782 - INFO - Current Learning rate: [1e-05]
2024-12-27 13:34:47,602 - INFO - Checkpoint saved to E:/Amrita/Subjects/Sem 5/BMSP paper work/Train data/Checkpoints/vit google stft no pretraining\model_epoch_10.pth
2024-12-27 13:35:21,567 - INFO - Training loss for epoch 11: 0.38859635360400985
2024-12-27 13:35:21,567 - INFO - Training accuracy for epoch 11: 81.62037037037037
2024-12-27 13:35:24,852 - INFO - Testing loss for epoch 11: 0.6194770702528297
2024-12-27 13:35:24,852 - INFO - Testing accuracy for epoch 11: 69.35779816513761

2024-12-27 13:35:24,852 - INFO - Current Learning rate: [1e-05]
2024-12-27 13:35:25,662 - INFO - Checkpoint saved to E:/Amrita/Subjects/Sem 5/BMSP paper work/Train data/Checkpoints/vit google stft no pretraining\model_epoch_11.pth
2024-12-27 13:35:59,392 - INFO - Training loss for epoch 12: 0.3470090575154043
2024-12-27 13:35:59,392 - INFO - Training accuracy for epoch 12: 83.8425925925926
2024-12-27 13:36:02,481 - INFO - Testing loss for epoch 12: 0.6575283436873637
2024-12-27 13:36:02,481 - INFO - Testing accuracy for epoch 12: 69.1743119266055

2024-12-27 13:36:02,482 - INFO - Current Learning rate: [1e-05]
2024-12-27 13:36:03,357 - INFO - Checkpoint saved to E:/Amrita/Subjects/Sem 5/BMSP paper work/Train data/Checkpoints/vit google stft no pretraining\model_epoch_12.pth
2024-12-27 13:36:37,225 - INFO - Training loss for epoch 13: 0.276432679840245
2024-12-27 13:36:37,226 - INFO - Training accuracy for epoch 13: 87.17592592592592
2024-12-27 13:36:40,411 - INFO - Testing loss for epoch 13: 0.7712678464317541
2024-12-27 13:36:40,411 - INFO - Testing accuracy for epoch 13: 69.35779816513761

2024-12-27 13:36:40,411 - INFO - Current Learning rate: [1e-05]
2024-12-27 13:36:41,258 - INFO - Checkpoint saved to E:/Amrita/Subjects/Sem 5/BMSP paper work/Train data/Checkpoints/vit google stft no pretraining\model_epoch_13.pth
2024-12-27 13:37:15,318 - INFO - Training loss for epoch 14: 0.223191241114465
2024-12-27 13:37:15,318 - INFO - Training accuracy for epoch 14: 90.55555555555556
2024-12-27 13:37:18,698 - INFO - Testing loss for epoch 14: 1.1319490986440433
2024-12-27 13:37:18,699 - INFO - Testing accuracy for epoch 14: 70.8256880733945

2024-12-27 13:37:18,699 - INFO - Current Learning rate: [1e-05]
2024-12-27 13:37:19,590 - INFO - Checkpoint saved to E:/Amrita/Subjects/Sem 5/BMSP paper work/Train data/Checkpoints/vit google stft no pretraining\model_epoch_14.pth
2024-12-27 13:37:54,347 - INFO - Training loss for epoch 15: 0.18970925603881134
2024-12-27 13:37:54,347 - INFO - Training accuracy for epoch 15: 92.03703703703704
2024-12-27 13:37:57,481 - INFO - Testing loss for epoch 15: 0.8751154282437894
2024-12-27 13:37:57,481 - INFO - Testing accuracy for epoch 15: 71.19266055045871

2024-12-27 13:37:57,481 - INFO - Current Learning rate: [1.0000000000000002e-06]
2024-12-27 13:37:58,230 - INFO - Checkpoint saved to E:/Amrita/Subjects/Sem 5/BMSP paper work/Train data/Checkpoints/vit google stft no pretraining\model_epoch_15.pth
2024-12-27 13:38:32,114 - INFO - Training loss for epoch 16: 0.062351425043491164
2024-12-27 13:38:32,114 - INFO - Training accuracy for epoch 16: 98.05555555555556
2024-12-27 13:38:35,323 - INFO - Testing loss for epoch 16: 1.218565268140316
2024-12-27 13:38:35,323 - INFO - Testing accuracy for epoch 16: 71.55963302752293

2024-12-27 13:38:35,323 - INFO - Current Learning rate: [1.0000000000000002e-06]
2024-12-27 13:38:36,079 - INFO - Checkpoint saved to E:/Amrita/Subjects/Sem 5/BMSP paper work/Train data/Checkpoints/vit google stft no pretraining\model_epoch_16.pth
2024-12-27 13:39:09,827 - INFO - Training loss for epoch 17: 0.03415209781346844
2024-12-27 13:39:09,827 - INFO - Training accuracy for epoch 17: 99.02777777777777
2024-12-27 13:39:13,013 - INFO - Testing loss for epoch 17: 1.5252276381429386
2024-12-27 13:39:13,013 - INFO - Testing accuracy for epoch 17: 71.92660550458716

2024-12-27 13:39:13,014 - INFO - Current Learning rate: [1.0000000000000002e-06]
2024-12-27 13:39:13,789 - INFO - Checkpoint saved to E:/Amrita/Subjects/Sem 5/BMSP paper work/Train data/Checkpoints/vit google stft no pretraining\model_epoch_17.pth
2024-12-27 13:39:48,642 - INFO - Training loss for epoch 18: 0.020971254810953504
2024-12-27 13:39:48,642 - INFO - Training accuracy for epoch 18: 99.39814814814815
2024-12-27 13:39:52,061 - INFO - Testing loss for epoch 18: 1.7486441696432056
2024-12-27 13:39:52,061 - INFO - Testing accuracy for epoch 18: 71.74311926605505

2024-12-27 13:39:52,061 - INFO - Current Learning rate: [1.0000000000000002e-06]
2024-12-27 13:39:52,941 - INFO - Checkpoint saved to E:/Amrita/Subjects/Sem 5/BMSP paper work/Train data/Checkpoints/vit google stft no pretraining\model_epoch_18.pth
2024-12-27 13:40:29,420 - INFO - Training loss for epoch 19: 0.011880892488875361
2024-12-27 13:40:29,421 - INFO - Training accuracy for epoch 19: 99.72222222222223
2024-12-27 13:40:32,826 - INFO - Testing loss for epoch 19: 1.971924612970641
2024-12-27 13:40:32,827 - INFO - Testing accuracy for epoch 19: 71.92660550458716

2024-12-27 13:40:32,827 - INFO - Current Learning rate: [1.0000000000000002e-06]
2024-12-27 13:40:33,932 - INFO - Checkpoint saved to E:/Amrita/Subjects/Sem 5/BMSP paper work/Train data/Checkpoints/vit google stft no pretraining\model_epoch_19.pth
2024-12-27 13:41:08,158 - INFO - Training loss for epoch 20: 0.00612904323319783
2024-12-27 13:41:08,158 - INFO - Training accuracy for epoch 20: 99.9074074074074
2024-12-27 13:41:11,265 - INFO - Testing loss for epoch 20: 2.2522223756853093
2024-12-27 13:41:11,265 - INFO - Testing accuracy for epoch 20: 72.29357798165138

2024-12-27 13:41:11,265 - INFO - Current Learning rate: [1.0000000000000002e-07]
2024-12-27 13:41:12,059 - INFO - Checkpoint saved to E:/Amrita/Subjects/Sem 5/BMSP paper work/Train data/Checkpoints/vit google stft no pretraining\model_epoch_20.pth
2024-12-27 13:41:45,959 - INFO - Training loss for epoch 21: 0.0025501811752361744
2024-12-27 13:41:45,959 - INFO - Training accuracy for epoch 21: 100.0
2024-12-27 13:41:49,101 - INFO - Testing loss for epoch 21: 2.2695543517019394
2024-12-27 13:41:49,101 - INFO - Testing accuracy for epoch 21: 72.29357798165138

2024-12-27 13:41:49,101 - INFO - Current Learning rate: [1.0000000000000002e-07]
2024-12-27 13:41:49,864 - INFO - Checkpoint saved to E:/Amrita/Subjects/Sem 5/BMSP paper work/Train data/Checkpoints/vit google stft no pretraining\model_epoch_21.pth
2024-12-27 13:42:23,455 - INFO - Training loss for epoch 22: 0.002039000598238595
2024-12-27 13:42:23,455 - INFO - Training accuracy for epoch 22: 100.0
2024-12-27 13:42:26,715 - INFO - Testing loss for epoch 22: 2.2916017185139195
2024-12-27 13:42:26,715 - INFO - Testing accuracy for epoch 22: 72.4770642201835

2024-12-27 13:42:26,715 - INFO - Current Learning rate: [1.0000000000000002e-07]
2024-12-27 13:42:27,481 - INFO - Checkpoint saved to E:/Amrita/Subjects/Sem 5/BMSP paper work/Train data/Checkpoints/vit google stft no pretraining\model_epoch_22.pth
2024-12-27 13:43:01,342 - INFO - Training loss for epoch 23: 0.00171038864017124
2024-12-27 13:43:01,342 - INFO - Training accuracy for epoch 23: 100.0
2024-12-27 13:43:04,453 - INFO - Testing loss for epoch 23: 2.3207553538457497
2024-12-27 13:43:04,453 - INFO - Testing accuracy for epoch 23: 72.8440366972477

2024-12-27 13:43:04,453 - INFO - Current Learning rate: [1.0000000000000002e-07]
2024-12-27 13:43:05,240 - INFO - Checkpoint saved to E:/Amrita/Subjects/Sem 5/BMSP paper work/Train data/Checkpoints/vit google stft no pretraining\model_epoch_23.pth
2024-12-27 13:43:38,884 - INFO - Training loss for epoch 24: 0.0014678428707510546
2024-12-27 13:43:38,885 - INFO - Training accuracy for epoch 24: 100.0
2024-12-27 13:43:42,002 - INFO - Testing loss for epoch 24: 2.347537820458489
2024-12-27 13:43:42,002 - INFO - Testing accuracy for epoch 24: 72.8440366972477

2024-12-27 13:43:42,003 - INFO - Current Learning rate: [1.0000000000000002e-07]
2024-12-27 13:43:42,937 - INFO - Checkpoint saved to E:/Amrita/Subjects/Sem 5/BMSP paper work/Train data/Checkpoints/vit google stft no pretraining\model_epoch_24.pth
